I'm starting to work...
I'm starting to work...
I'm starting to work...
I'm starting to work...
I'm starting to work...
I'm starting to work...
I'm starting to work...
I'm starting to work...
Start downloading metastock file from network
The mstall.zip file has been saved in this location: D:\workspace\stock-exchange\stock-exchange-core\src\main\resources\metastock_download\
Unzipping D:\workspace\stock-exchange\stock-exchange-core\src\main\resources\metastock_download\mstall.zip file
Finished unzipping file
I'm starting to work...
I'm starting to work...
I'm starting to work...
I'm starting to work...
I'm starting to work...
I'm starting to work...
I'm starting to work...
I'm starting to work...
I'm starting to work...
I'm starting to work...
I'm starting to work...
I'm starting to work...
I'm starting to work...
I'm starting to work...
I'm starting to work...
I'm starting to work...
I'm starting to work...
I'm starting to work...
I'm starting to work...
I'm starting to work...
I'm starting to work...
I'm starting to work...
1
2
I'm starting to work...
1
2
I'm starting to work...
1
2
