05 Apr 2014 22:26:06,574 - INFO [main] DAO.DBConnection.getConnection(DBConnection.java:19) Connecting to MetastockDB
06 Apr 2014 15:17:47,403 - INFO [main] DAO.DBConnection.getConnection(DBConnection.java:19) Connecting to MetastockDB
06 Apr 2014 15:18:51,258 - INFO [main] DAO.DBConnection.getConnection(DBConnection.java:19) Connecting to MetastockDB
06 Apr 2014 15:29:29,192 - INFO [main] DAO.DBConnection.getConnection(DBConnection.java:19) Connecting to MetastockDB
06 Apr 2014 18:04:58,454 - INFO [main] DAO.DBConnection.getConnection(DBConnection.java:19) Connecting to MetastockDB
27 lip 2014 07:11:44,065 - ERROR [main] dao.DBConnection.getConnection(DBConnection.java:20) Cannot create connection to MetastockDB :(
org.h2.jdbc.JdbcSQLException: Blad tworzenia pliku "C:/Users/turobos"
Error while creating file "C:/Users/turobos" [90062-174]
	at org.h2.message.DbException.getJdbcSQLException(DbException.java:332)
	at org.h2.message.DbException.get(DbException.java:172)
	at org.h2.message.DbException.get(DbException.java:149)
	at org.h2.store.fs.FilePathDisk.createDirectory(FilePathDisk.java:262)
	at org.h2.store.fs.FileUtils.createDirectory(FileUtils.java:43)
	at org.h2.store.fs.FileUtils.createDirectories(FileUtils.java:296)
	at org.h2.store.FileLock.lockFile(FileLock.java:340)
	at org.h2.store.FileLock.lock(FileLock.java:133)
	at org.h2.engine.Database.open(Database.java:575)
	at org.h2.engine.Database.openDatabase(Database.java:236)
	at org.h2.engine.Database.<init>(Database.java:231)
	at org.h2.engine.Engine.openSession(Engine.java:56)
	at org.h2.engine.Engine.openSession(Engine.java:160)
	at org.h2.engine.Engine.createSessionAndValidate(Engine.java:139)
	at org.h2.engine.Engine.createSession(Engine.java:122)
	at org.h2.engine.Engine.createSession(Engine.java:28)
	at org.h2.engine.SessionRemote.connectEmbeddedOrServer(SessionRemote.java:323)
	at org.h2.jdbc.JdbcConnection.<init>(JdbcConnection.java:105)
	at org.h2.jdbc.JdbcConnection.<init>(JdbcConnection.java:90)
	at org.h2.Driver.connect(Driver.java:73)
	at java.sql.DriverManager.getConnection(DriverManager.java:579)
	at java.sql.DriverManager.getConnection(DriverManager.java:221)
	at dao.DBConnection.getConnection(DBConnection.java:14)
	at utils.SimpleMovingAverageMain.test(SimpleMovingAverageMain.java:29)
	at sun.reflect.NativeMethodAccessorImpl.invoke0(Native Method)
	at sun.reflect.NativeMethodAccessorImpl.invoke(NativeMethodAccessorImpl.java:57)
	at sun.reflect.DelegatingMethodAccessorImpl.invoke(DelegatingMethodAccessorImpl.java:43)
	at java.lang.reflect.Method.invoke(Method.java:601)
	at org.junit.runners.model.FrameworkMethod$1.runReflectiveCall(FrameworkMethod.java:47)
	at org.junit.internal.runners.model.ReflectiveCallable.run(ReflectiveCallable.java:12)
	at org.junit.runners.model.FrameworkMethod.invokeExplosively(FrameworkMethod.java:44)
	at org.junit.internal.runners.statements.InvokeMethod.evaluate(InvokeMethod.java:17)
	at org.junit.runners.ParentRunner.runLeaf(ParentRunner.java:271)
	at org.junit.runners.BlockJUnit4ClassRunner.runChild(BlockJUnit4ClassRunner.java:70)
	at org.junit.runners.BlockJUnit4ClassRunner.runChild(BlockJUnit4ClassRunner.java:50)
	at org.junit.runners.ParentRunner$3.run(ParentRunner.java:238)
	at org.junit.runners.ParentRunner$1.schedule(ParentRunner.java:63)
	at org.junit.runners.ParentRunner.runChildren(ParentRunner.java:236)
	at org.junit.runners.ParentRunner.access$000(ParentRunner.java:53)
	at org.junit.runners.ParentRunner$2.evaluate(ParentRunner.java:229)
	at org.junit.runners.ParentRunner.run(ParentRunner.java:309)
	at org.eclipse.jdt.internal.junit4.runner.JUnit4TestReference.run(JUnit4TestReference.java:50)
	at org.eclipse.jdt.internal.junit.runner.TestExecution.run(TestExecution.java:38)
	at org.eclipse.jdt.internal.junit.runner.RemoteTestRunner.runTests(RemoteTestRunner.java:467)
	at org.eclipse.jdt.internal.junit.runner.RemoteTestRunner.runTests(RemoteTestRunner.java:683)
	at org.eclipse.jdt.internal.junit.runner.RemoteTestRunner.run(RemoteTestRunner.java:390)
	at org.eclipse.jdt.internal.junit.runner.RemoteTestRunner.main(RemoteTestRunner.java:197)
27 lip 2014 07:12:22,180 - ERROR [main] dao.DBConnection.getConnection(DBConnection.java:20) Cannot create connection to MetastockDB :(
org.h2.jdbc.JdbcSQLException: Blad tworzenia pliku "C:/Users/turobos"
Error while creating file "C:/Users/turobos" [90062-174]
	at org.h2.message.DbException.getJdbcSQLException(DbException.java:332)
	at org.h2.message.DbException.get(DbException.java:172)
	at org.h2.message.DbException.get(DbException.java:149)
	at org.h2.store.fs.FilePathDisk.createDirectory(FilePathDisk.java:262)
	at org.h2.store.fs.FileUtils.createDirectory(FileUtils.java:43)
	at org.h2.store.fs.FileUtils.createDirectories(FileUtils.java:296)
	at org.h2.store.FileLock.lockFile(FileLock.java:340)
	at org.h2.store.FileLock.lock(FileLock.java:133)
	at org.h2.engine.Database.open(Database.java:575)
	at org.h2.engine.Database.openDatabase(Database.java:236)
	at org.h2.engine.Database.<init>(Database.java:231)
	at org.h2.engine.Engine.openSession(Engine.java:56)
	at org.h2.engine.Engine.openSession(Engine.java:160)
	at org.h2.engine.Engine.createSessionAndValidate(Engine.java:139)
	at org.h2.engine.Engine.createSession(Engine.java:122)
	at org.h2.engine.Engine.createSession(Engine.java:28)
	at org.h2.engine.SessionRemote.connectEmbeddedOrServer(SessionRemote.java:323)
	at org.h2.jdbc.JdbcConnection.<init>(JdbcConnection.java:105)
	at org.h2.jdbc.JdbcConnection.<init>(JdbcConnection.java:90)
	at org.h2.Driver.connect(Driver.java:73)
	at java.sql.DriverManager.getConnection(DriverManager.java:579)
	at java.sql.DriverManager.getConnection(DriverManager.java:221)
	at dao.DBConnection.getConnection(DBConnection.java:14)
	at utils.SimpleMovingAverageMain.test(SimpleMovingAverageMain.java:29)
	at sun.reflect.NativeMethodAccessorImpl.invoke0(Native Method)
	at sun.reflect.NativeMethodAccessorImpl.invoke(NativeMethodAccessorImpl.java:57)
	at sun.reflect.DelegatingMethodAccessorImpl.invoke(DelegatingMethodAccessorImpl.java:43)
	at java.lang.reflect.Method.invoke(Method.java:601)
	at org.junit.runners.model.FrameworkMethod$1.runReflectiveCall(FrameworkMethod.java:47)
	at org.junit.internal.runners.model.ReflectiveCallable.run(ReflectiveCallable.java:12)
	at org.junit.runners.model.FrameworkMethod.invokeExplosively(FrameworkMethod.java:44)
	at org.junit.internal.runners.statements.InvokeMethod.evaluate(InvokeMethod.java:17)
	at org.junit.runners.ParentRunner.runLeaf(ParentRunner.java:271)
	at org.junit.runners.BlockJUnit4ClassRunner.runChild(BlockJUnit4ClassRunner.java:70)
	at org.junit.runners.BlockJUnit4ClassRunner.runChild(BlockJUnit4ClassRunner.java:50)
	at org.junit.runners.ParentRunner$3.run(ParentRunner.java:238)
	at org.junit.runners.ParentRunner$1.schedule(ParentRunner.java:63)
	at org.junit.runners.ParentRunner.runChildren(ParentRunner.java:236)
	at org.junit.runners.ParentRunner.access$000(ParentRunner.java:53)
	at org.junit.runners.ParentRunner$2.evaluate(ParentRunner.java:229)
	at org.junit.runners.ParentRunner.run(ParentRunner.java:309)
	at org.eclipse.jdt.internal.junit4.runner.JUnit4TestReference.run(JUnit4TestReference.java:50)
	at org.eclipse.jdt.internal.junit.runner.TestExecution.run(TestExecution.java:38)
	at org.eclipse.jdt.internal.junit.runner.RemoteTestRunner.runTests(RemoteTestRunner.java:467)
	at org.eclipse.jdt.internal.junit.runner.RemoteTestRunner.runTests(RemoteTestRunner.java:683)
	at org.eclipse.jdt.internal.junit.runner.RemoteTestRunner.run(RemoteTestRunner.java:390)
	at org.eclipse.jdt.internal.junit.runner.RemoteTestRunner.main(RemoteTestRunner.java:197)
27 lip 2014 07:12:51,917 - ERROR [main] dao.DBConnection.getConnection(DBConnection.java:20) Cannot create connection to MetastockDB :(
org.h2.jdbc.JdbcSQLException: Blad tworzenia pliku "C:/Users/turobos"
Error while creating file "C:/Users/turobos" [90062-174]
	at org.h2.message.DbException.getJdbcSQLException(DbException.java:332)
	at org.h2.message.DbException.get(DbException.java:172)
	at org.h2.message.DbException.get(DbException.java:149)
	at org.h2.store.fs.FilePathDisk.createDirectory(FilePathDisk.java:262)
	at org.h2.store.fs.FileUtils.createDirectory(FileUtils.java:43)
	at org.h2.store.fs.FileUtils.createDirectories(FileUtils.java:296)
	at org.h2.store.FileLock.lockFile(FileLock.java:340)
	at org.h2.store.FileLock.lock(FileLock.java:133)
	at org.h2.engine.Database.open(Database.java:575)
	at org.h2.engine.Database.openDatabase(Database.java:236)
	at org.h2.engine.Database.<init>(Database.java:231)
	at org.h2.engine.Engine.openSession(Engine.java:56)
	at org.h2.engine.Engine.openSession(Engine.java:160)
	at org.h2.engine.Engine.createSessionAndValidate(Engine.java:139)
	at org.h2.engine.Engine.createSession(Engine.java:122)
	at org.h2.engine.Engine.createSession(Engine.java:28)
	at org.h2.engine.SessionRemote.connectEmbeddedOrServer(SessionRemote.java:323)
	at org.h2.jdbc.JdbcConnection.<init>(JdbcConnection.java:105)
	at org.h2.jdbc.JdbcConnection.<init>(JdbcConnection.java:90)
	at org.h2.Driver.connect(Driver.java:73)
	at java.sql.DriverManager.getConnection(DriverManager.java:579)
	at java.sql.DriverManager.getConnection(DriverManager.java:221)
	at dao.DBConnection.getConnection(DBConnection.java:14)
	at utils.SimpleMovingAverageMain.test(SimpleMovingAverageMain.java:29)
	at sun.reflect.NativeMethodAccessorImpl.invoke0(Native Method)
	at sun.reflect.NativeMethodAccessorImpl.invoke(NativeMethodAccessorImpl.java:57)
	at sun.reflect.DelegatingMethodAccessorImpl.invoke(DelegatingMethodAccessorImpl.java:43)
	at java.lang.reflect.Method.invoke(Method.java:601)
	at org.junit.runners.model.FrameworkMethod$1.runReflectiveCall(FrameworkMethod.java:47)
	at org.junit.internal.runners.model.ReflectiveCallable.run(ReflectiveCallable.java:12)
	at org.junit.runners.model.FrameworkMethod.invokeExplosively(FrameworkMethod.java:44)
	at org.junit.internal.runners.statements.InvokeMethod.evaluate(InvokeMethod.java:17)
	at org.junit.runners.ParentRunner.runLeaf(ParentRunner.java:271)
	at org.junit.runners.BlockJUnit4ClassRunner.runChild(BlockJUnit4ClassRunner.java:70)
	at org.junit.runners.BlockJUnit4ClassRunner.runChild(BlockJUnit4ClassRunner.java:50)
	at org.junit.runners.ParentRunner$3.run(ParentRunner.java:238)
	at org.junit.runners.ParentRunner$1.schedule(ParentRunner.java:63)
	at org.junit.runners.ParentRunner.runChildren(ParentRunner.java:236)
	at org.junit.runners.ParentRunner.access$000(ParentRunner.java:53)
	at org.junit.runners.ParentRunner$2.evaluate(ParentRunner.java:229)
	at org.junit.runners.ParentRunner.run(ParentRunner.java:309)
	at org.eclipse.jdt.internal.junit4.runner.JUnit4TestReference.run(JUnit4TestReference.java:50)
	at org.eclipse.jdt.internal.junit.runner.TestExecution.run(TestExecution.java:38)
	at org.eclipse.jdt.internal.junit.runner.RemoteTestRunner.runTests(RemoteTestRunner.java:467)
	at org.eclipse.jdt.internal.junit.runner.RemoteTestRunner.runTests(RemoteTestRunner.java:683)
	at org.eclipse.jdt.internal.junit.runner.RemoteTestRunner.run(RemoteTestRunner.java:390)
	at org.eclipse.jdt.internal.junit.runner.RemoteTestRunner.main(RemoteTestRunner.java:197)
27 lip 2014 07:14:50,434 - ERROR [main] dao.DBConnection.getConnection(DBConnection.java:20) Cannot create connection to MetastockDB :(
org.h2.jdbc.JdbcSQLException: Blad tworzenia pliku "C:/Users/turobos"
Error while creating file "C:/Users/turobos" [90062-174]
	at org.h2.message.DbException.getJdbcSQLException(DbException.java:332)
	at org.h2.message.DbException.get(DbException.java:172)
	at org.h2.message.DbException.get(DbException.java:149)
	at org.h2.store.fs.FilePathDisk.createDirectory(FilePathDisk.java:262)
	at org.h2.store.fs.FileUtils.createDirectory(FileUtils.java:43)
	at org.h2.store.fs.FileUtils.createDirectories(FileUtils.java:296)
	at org.h2.store.FileLock.lockFile(FileLock.java:340)
	at org.h2.store.FileLock.lock(FileLock.java:133)
	at org.h2.engine.Database.open(Database.java:575)
	at org.h2.engine.Database.openDatabase(Database.java:236)
	at org.h2.engine.Database.<init>(Database.java:231)
	at org.h2.engine.Engine.openSession(Engine.java:56)
	at org.h2.engine.Engine.openSession(Engine.java:160)
	at org.h2.engine.Engine.createSessionAndValidate(Engine.java:139)
	at org.h2.engine.Engine.createSession(Engine.java:122)
	at org.h2.engine.Engine.createSession(Engine.java:28)
	at org.h2.engine.SessionRemote.connectEmbeddedOrServer(SessionRemote.java:323)
	at org.h2.jdbc.JdbcConnection.<init>(JdbcConnection.java:105)
	at org.h2.jdbc.JdbcConnection.<init>(JdbcConnection.java:90)
	at org.h2.Driver.connect(Driver.java:73)
	at java.sql.DriverManager.getConnection(DriverManager.java:579)
	at java.sql.DriverManager.getConnection(DriverManager.java:221)
	at dao.DBConnection.getConnection(DBConnection.java:14)
	at utils.MainTest.mainTester(MainTest.java:25)
	at sun.reflect.NativeMethodAccessorImpl.invoke0(Native Method)
	at sun.reflect.NativeMethodAccessorImpl.invoke(NativeMethodAccessorImpl.java:57)
	at sun.reflect.DelegatingMethodAccessorImpl.invoke(DelegatingMethodAccessorImpl.java:43)
	at java.lang.reflect.Method.invoke(Method.java:601)
	at org.junit.runners.model.FrameworkMethod$1.runReflectiveCall(FrameworkMethod.java:47)
	at org.junit.internal.runners.model.ReflectiveCallable.run(ReflectiveCallable.java:12)
	at org.junit.runners.model.FrameworkMethod.invokeExplosively(FrameworkMethod.java:44)
	at org.junit.internal.runners.statements.InvokeMethod.evaluate(InvokeMethod.java:17)
	at org.junit.runners.ParentRunner.runLeaf(ParentRunner.java:271)
	at org.junit.runners.BlockJUnit4ClassRunner.runChild(BlockJUnit4ClassRunner.java:70)
	at org.junit.runners.BlockJUnit4ClassRunner.runChild(BlockJUnit4ClassRunner.java:50)
	at org.junit.runners.ParentRunner$3.run(ParentRunner.java:238)
	at org.junit.runners.ParentRunner$1.schedule(ParentRunner.java:63)
	at org.junit.runners.ParentRunner.runChildren(ParentRunner.java:236)
	at org.junit.runners.ParentRunner.access$000(ParentRunner.java:53)
	at org.junit.runners.ParentRunner$2.evaluate(ParentRunner.java:229)
	at org.junit.runners.ParentRunner.run(ParentRunner.java:309)
	at org.eclipse.jdt.internal.junit4.runner.JUnit4TestReference.run(JUnit4TestReference.java:50)
	at org.eclipse.jdt.internal.junit.runner.TestExecution.run(TestExecution.java:38)
	at org.eclipse.jdt.internal.junit.runner.RemoteTestRunner.runTests(RemoteTestRunner.java:467)
	at org.eclipse.jdt.internal.junit.runner.RemoteTestRunner.runTests(RemoteTestRunner.java:683)
	at org.eclipse.jdt.internal.junit.runner.RemoteTestRunner.run(RemoteTestRunner.java:390)
	at org.eclipse.jdt.internal.junit.runner.RemoteTestRunner.main(RemoteTestRunner.java:197)
27 lip 2014 09:26:45,687 - ERROR [main] dao.DBConnection.getConnection(DBConnection.java:20) Cannot create connection to MetastockDB :(
org.h2.jdbc.JdbcSQLException: Blad tworzenia pliku "C:/Users/turobos"
Error while creating file "C:/Users/turobos" [90062-174]
	at org.h2.message.DbException.getJdbcSQLException(DbException.java:332)
	at org.h2.message.DbException.get(DbException.java:172)
	at org.h2.message.DbException.get(DbException.java:149)
	at org.h2.store.fs.FilePathDisk.createDirectory(FilePathDisk.java:262)
	at org.h2.store.fs.FileUtils.createDirectory(FileUtils.java:43)
	at org.h2.store.fs.FileUtils.createDirectories(FileUtils.java:296)
	at org.h2.store.FileLock.lockFile(FileLock.java:340)
	at org.h2.store.FileLock.lock(FileLock.java:133)
	at org.h2.engine.Database.open(Database.java:575)
	at org.h2.engine.Database.openDatabase(Database.java:236)
	at org.h2.engine.Database.<init>(Database.java:231)
	at org.h2.engine.Engine.openSession(Engine.java:56)
	at org.h2.engine.Engine.openSession(Engine.java:160)
	at org.h2.engine.Engine.createSessionAndValidate(Engine.java:139)
	at org.h2.engine.Engine.createSession(Engine.java:122)
	at org.h2.engine.Engine.createSession(Engine.java:28)
	at org.h2.engine.SessionRemote.connectEmbeddedOrServer(SessionRemote.java:323)
	at org.h2.jdbc.JdbcConnection.<init>(JdbcConnection.java:105)
	at org.h2.jdbc.JdbcConnection.<init>(JdbcConnection.java:90)
	at org.h2.Driver.connect(Driver.java:73)
	at java.sql.DriverManager.getConnection(DriverManager.java:579)
	at java.sql.DriverManager.getConnection(DriverManager.java:221)
	at dao.DBConnection.getConnection(DBConnection.java:14)
	at utils.SimpleMovingAverageMain.test(SimpleMovingAverageMain.java:29)
	at sun.reflect.NativeMethodAccessorImpl.invoke0(Native Method)
	at sun.reflect.NativeMethodAccessorImpl.invoke(NativeMethodAccessorImpl.java:57)
	at sun.reflect.DelegatingMethodAccessorImpl.invoke(DelegatingMethodAccessorImpl.java:43)
	at java.lang.reflect.Method.invoke(Method.java:601)
	at org.junit.runners.model.FrameworkMethod$1.runReflectiveCall(FrameworkMethod.java:47)
	at org.junit.internal.runners.model.ReflectiveCallable.run(ReflectiveCallable.java:12)
	at org.junit.runners.model.FrameworkMethod.invokeExplosively(FrameworkMethod.java:44)
	at org.junit.internal.runners.statements.InvokeMethod.evaluate(InvokeMethod.java:17)
	at org.junit.runners.ParentRunner.runLeaf(ParentRunner.java:271)
	at org.junit.runners.BlockJUnit4ClassRunner.runChild(BlockJUnit4ClassRunner.java:70)
	at org.junit.runners.BlockJUnit4ClassRunner.runChild(BlockJUnit4ClassRunner.java:50)
	at org.junit.runners.ParentRunner$3.run(ParentRunner.java:238)
	at org.junit.runners.ParentRunner$1.schedule(ParentRunner.java:63)
	at org.junit.runners.ParentRunner.runChildren(ParentRunner.java:236)
	at org.junit.runners.ParentRunner.access$000(ParentRunner.java:53)
	at org.junit.runners.ParentRunner$2.evaluate(ParentRunner.java:229)
	at org.junit.runners.ParentRunner.run(ParentRunner.java:309)
	at org.eclipse.jdt.internal.junit4.runner.JUnit4TestReference.run(JUnit4TestReference.java:50)
	at org.eclipse.jdt.internal.junit.runner.TestExecution.run(TestExecution.java:38)
	at org.eclipse.jdt.internal.junit.runner.RemoteTestRunner.runTests(RemoteTestRunner.java:467)
	at org.eclipse.jdt.internal.junit.runner.RemoteTestRunner.runTests(RemoteTestRunner.java:683)
	at org.eclipse.jdt.internal.junit.runner.RemoteTestRunner.run(RemoteTestRunner.java:390)
	at org.eclipse.jdt.internal.junit.runner.RemoteTestRunner.main(RemoteTestRunner.java:197)
27 lip 2014 09:28:16,255 - INFO [main] dao.DBConnection.getConnection(DBConnection.java:15) Connecting to MetastockDB
27 lip 2014 09:28:26,897 - INFO [main] dao.DBConnection.getConnection(DBConnection.java:15) Connecting to MetastockDB
27 lip 2014 09:28:34,665 - INFO [main] dao.DBConnection.getConnection(DBConnection.java:15) Connecting to MetastockDB
27 lip 2014 09:28:51,375 - INFO [main] dao.DBConnection.getConnection(DBConnection.java:15) Connecting to MetastockDB
27 lip 2014 09:30:34,885 - INFO [main] dao.DBConnection.getConnection(DBConnection.java:15) Connecting to MetastockDB
27 lip 2014 09:31:06,776 - INFO [main] dao.DBConnection.getConnection(DBConnection.java:15) Connecting to MetastockDB
27 lip 2014 15:54:41,655 - INFO [main] dao.DBConnection.getConnection(DBConnection.java:15) Connecting to MetastockDB
27 lip 2014 15:54:42,497 - INFO [main] dao.DBConnection.getConnection(DBConnection.java:15) Connecting to MetastockDB
27 lip 2014 15:54:43,014 - INFO [main] dao.DBConnection.getConnection(DBConnection.java:15) Connecting to MetastockDB
27 lip 2014 18:28:12,686 - INFO [main] dao.DBConnection.getConnection(DBConnection.java:15) Connecting to MetastockDB
27 lip 2014 18:28:56,164 - INFO [main] dao.DBConnection.getConnection(DBConnection.java:15) Connecting to MetastockDB
27 lip 2014 19:10:08,507 - INFO [main] dao.DBConnection.getConnection(DBConnection.java:15) Connecting to MetastockDB
27 lip 2014 19:10:09,225 - INFO [main] dao.DBConnection.getConnection(DBConnection.java:15) Connecting to MetastockDB
27 lip 2014 19:10:09,741 - INFO [main] dao.DBConnection.getConnection(DBConnection.java:15) Connecting to MetastockDB
28 lip 2014 07:26:20,914 - INFO [main] dao.DBConnection.getConnection(DBConnection.java:15) Connecting to MetastockDB
28 lip 2014 07:26:42,529 - INFO [main] dao.DBConnection.getConnection(DBConnection.java:15) Connecting to MetastockDB
14 wrz 2014 09:27:02,320 - INFO [main] dao.DBConnection.getConnection(DBConnection.java:15) Connecting to MetastockDB
06 paü 2014 18:23:26,803 - INFO [main] dao.DBConnection.getConnection(DBConnection.java:15) Connecting to MetastockDB
06 paü 2014 18:24:16,141 - INFO [main] dao.DBConnection.getConnection(DBConnection.java:15) Connecting to MetastockDB
